{"C:\\Users\\User\\Desktop\\Mildred Naab - Labs\\Lab 7\\statically-strict-debugger\\src\\advanceSettings.ts": {"path":"C:\\Users\\User\\Desktop\\Mildred Naab - Labs\\Lab 7\\statically-strict-debugger\\src\\advanceSettings.ts","statementMap":{"0":{"start":{"line":4,"column":0},"end":{"line":4,"column":36}},"1":{"start":{"line":10,"column":8},"end":{"line":10,"column":16}},"2":{"start":{"line":104,"column":29},"end":{"line":104,"column":67}},"3":{"start":{"line":105,"column":30},"end":{"line":105,"column":61}},"4":{"start":{"line":106,"column":30},"end":{"line":106,"column":97}},"5":{"start":{"line":107,"column":8},"end":{"line":107,"column":35}},"6":{"start":{"line":107,"column":28},"end":{"line":107,"column":35}},"7":{"start":{"line":108,"column":8},"end":{"line":108,"column":41}},"8":{"start":{"line":111,"column":8},"end":{"line":111,"column":82}},"9":{"start":{"line":114,"column":8},"end":{"line":114,"column":53}},"10":{"start":{"line":118,"column":24},"end":{"line":118,"column":127}},"11":{"start":{"line":119,"column":8},"end":{"line":119,"column":48}},"12":{"start":{"line":119,"column":21},"end":{"line":119,"column":48}},"13":{"start":{"line":123,"column":30},"end":{"line":123,"column":97}},"14":{"start":{"line":124,"column":29},"end":{"line":124,"column":86}},"15":{"start":{"line":126,"column":8},"end":{"line":128,"column":9}},"16":{"start":{"line":127,"column":12},"end":{"line":127,"column":34}},"17":{"start":{"line":130,"column":8},"end":{"line":132,"column":9}},"18":{"start":{"line":131,"column":12},"end":{"line":131,"column":42}},"19":{"start":{"line":136,"column":24},"end":{"line":136,"column":123}},"20":{"start":{"line":137,"column":8},"end":{"line":137,"column":40}},"21":{"start":{"line":137,"column":21},"end":{"line":137,"column":40}},"22":{"start":{"line":141,"column":24},"end":{"line":141,"column":111}},"23":{"start":{"line":142,"column":8},"end":{"line":142,"column":47}},"24":{"start":{"line":142,"column":40},"end":{"line":142,"column":47}},"25":{"start":{"line":144,"column":26},"end":{"line":144,"column":97}},"26":{"start":{"line":145,"column":8},"end":{"line":145,"column":41}},"27":{"start":{"line":146,"column":8},"end":{"line":146,"column":27}},"28":{"start":{"line":148,"column":28},"end":{"line":148,"column":93}},"29":{"start":{"line":149,"column":8},"end":{"line":149,"column":79}},"30":{"start":{"line":149,"column":25},"end":{"line":149,"column":79}},"31":{"start":{"line":151,"column":8},"end":{"line":151,"column":44}},"32":{"start":{"line":152,"column":8},"end":{"line":152,"column":59}},"33":{"start":{"line":156,"column":24},"end":{"line":156,"column":112}},"34":{"start":{"line":157,"column":8},"end":{"line":157,"column":47}},"35":{"start":{"line":157,"column":40},"end":{"line":157,"column":47}},"36":{"start":{"line":159,"column":26},"end":{"line":159,"column":97}},"37":{"start":{"line":160,"column":8},"end":{"line":160,"column":42}},"38":{"start":{"line":161,"column":8},"end":{"line":161,"column":27}},"39":{"start":{"line":163,"column":28},"end":{"line":163,"column":94}},"40":{"start":{"line":164,"column":8},"end":{"line":164,"column":80}},"41":{"start":{"line":164,"column":25},"end":{"line":164,"column":80}},"42":{"start":{"line":166,"column":8},"end":{"line":166,"column":44}},"43":{"start":{"line":167,"column":8},"end":{"line":167,"column":60}},"44":{"start":{"line":171,"column":8},"end":{"line":171,"column":55}},"45":{"start":{"line":171,"column":28},"end":{"line":171,"column":55}},"46":{"start":{"line":172,"column":26},"end":{"line":172,"column":74}},"47":{"start":{"line":173,"column":8},"end":{"line":173,"column":25}},"48":{"start":{"line":177,"column":8},"end":{"line":177,"column":70}},"49":{"start":{"line":181,"column":34},"end":{"line":181,"column":78}},"50":{"start":{"line":182,"column":8},"end":{"line":182,"column":45}},"51":{"start":{"line":186,"column":26},"end":{"line":186,"column":36}},"52":{"start":{"line":187,"column":8},"end":{"line":187,"column":83}},"53":{"start":{"line":191,"column":8},"end":{"line":191,"column":20}},"54":{"start":{"line":195,"column":28},"end":{"line":195,"column":43}},"55":{"start":{"line":196,"column":31},"end":{"line":196,"column":41}},"56":{"start":{"line":197,"column":8},"end":{"line":197,"column":46}},"57":{"start":{"line":198,"column":8},"end":{"line":198,"column":47}},"58":{"start":{"line":199,"column":8},"end":{"line":199,"column":37}},"59":{"start":{"line":200,"column":8},"end":{"line":200,"column":30}},"60":{"start":{"line":204,"column":20},"end":{"line":204,"column":30}},"61":{"start":{"line":205,"column":24},"end":{"line":205,"column":79}},"62":{"start":{"line":206,"column":8},"end":{"line":206,"column":34}},"63":{"start":{"line":207,"column":8},"end":{"line":207,"column":23}},"64":{"start":{"line":211,"column":8},"end":{"line":226,"column":11}},"65":{"start":{"line":212,"column":41},"end":{"line":223,"column":13}},"66":{"start":{"line":213,"column":28},"end":{"line":213,"column":38}},"67":{"start":{"line":215,"column":16},"end":{"line":222,"column":17}},"68":{"start":{"line":220,"column":20},"end":{"line":220,"column":74}},"69":{"start":{"line":221,"column":20},"end":{"line":221,"column":46}},"70":{"start":{"line":225,"column":31},"end":{"line":225,"column":70}},"71":{"start":{"line":230,"column":30},"end":{"line":230,"column":51}},"72":{"start":{"line":231,"column":8},"end":{"line":231,"column":57}},"73":{"start":{"line":13,"column":12},"end":{"line":101,"column":null}},"74":{"start":{"line":14,"column":55},"end":{"line":14,"column":64}},"75":{"start":{"line":15,"column":8},"end":{"line":76,"column":10}},"76":{"start":{"line":80,"column":20},"end":{"line":80,"column":73}},"77":{"start":{"line":81,"column":8},"end":{"line":81,"column":25}},"78":{"start":{"line":81,"column":18},"end":{"line":81,"column":25}},"79":{"start":{"line":83,"column":8},"end":{"line":100,"column":11}},"80":{"start":{"line":235,"column":0},"end":{"line":235,"column":31}}},"fnMap":{"0":{"name":"(anonymous_9)","decl":{"start":{"line":9,"column":4},"end":{"line":9,"column":null}},"loc":{"start":{"line":9,"column":4},"end":{"line":11,"column":5}}},"1":{"name":"(anonymous_10)","decl":{"start":{"line":103,"column":4},"end":{"line":103,"column":14}},"loc":{"start":{"line":103,"column":35},"end":{"line":115,"column":5}}},"2":{"name":"(anonymous_11)","decl":{"start":{"line":117,"column":4},"end":{"line":117,"column":24}},"loc":{"start":{"line":117,"column":53},"end":{"line":120,"column":5}}},"3":{"name":"(anonymous_12)","decl":{"start":{"line":122,"column":4},"end":{"line":122,"column":19}},"loc":{"start":{"line":122,"column":19},"end":{"line":133,"column":5}}},"4":{"name":"(anonymous_13)","decl":{"start":{"line":135,"column":4},"end":{"line":135,"column":26}},"loc":{"start":{"line":135,"column":89},"end":{"line":138,"column":5}}},"5":{"name":"(anonymous_14)","decl":{"start":{"line":140,"column":4},"end":{"line":140,"column":30}},"loc":{"start":{"line":140,"column":59},"end":{"line":153,"column":5}}},"6":{"name":"(anonymous_15)","decl":{"start":{"line":155,"column":4},"end":{"line":155,"column":31}},"loc":{"start":{"line":155,"column":60},"end":{"line":168,"column":5}}},"7":{"name":"(anonymous_16)","decl":{"start":{"line":170,"column":4},"end":{"line":170,"column":24}},"loc":{"start":{"line":170,"column":46},"end":{"line":174,"column":5}}},"8":{"name":"(anonymous_17)","decl":{"start":{"line":176,"column":4},"end":{"line":176,"column":23}},"loc":{"start":{"line":176,"column":45},"end":{"line":178,"column":5}}},"9":{"name":"(anonymous_18)","decl":{"start":{"line":180,"column":4},"end":{"line":180,"column":14}},"loc":{"start":{"line":180,"column":56},"end":{"line":183,"column":5}}},"10":{"name":"(anonymous_19)","decl":{"start":{"line":185,"column":4},"end":{"line":185,"column":18}},"loc":{"start":{"line":185,"column":31},"end":{"line":188,"column":5}}},"11":{"name":"(anonymous_20)","decl":{"start":{"line":190,"column":4},"end":{"line":190,"column":20}},"loc":{"start":{"line":190,"column":20},"end":{"line":192,"column":5}}},"12":{"name":"(anonymous_21)","decl":{"start":{"line":194,"column":4},"end":{"line":194,"column":14}},"loc":{"start":{"line":194,"column":27},"end":{"line":201,"column":5}}},"13":{"name":"(anonymous_22)","decl":{"start":{"line":203,"column":4},"end":{"line":203,"column":18}},"loc":{"start":{"line":203,"column":39},"end":{"line":208,"column":5}}},"14":{"name":"(anonymous_23)","decl":{"start":{"line":210,"column":10},"end":{"line":210,"column":15}},"loc":{"start":{"line":210,"column":60},"end":{"line":227,"column":null}}},"15":{"name":"(anonymous_25)","decl":{"start":{"line":211,"column":27},"end":{"line":211,"column":28}},"loc":{"start":{"line":211,"column":39},"end":{"line":226,"column":9}}},"16":{"name":"(anonymous_26)","decl":{"start":{"line":212,"column":41},"end":{"line":212,"column":44}},"loc":{"start":{"line":212,"column":46},"end":{"line":223,"column":13}}},"17":{"name":"(anonymous_27)","decl":{"start":{"line":229,"column":10},"end":{"line":229,"column":23}},"loc":{"start":{"line":229,"column":52},"end":{"line":232,"column":null}}},"18":{"name":"_AdvanceSettings_markup","decl":{"start":{"line":13,"column":12},"end":{"line":13,"column":26}},"loc":{"start":{"line":13,"column":26},"end":{"line":77,"column":5}}},"19":{"name":"_AdvanceSettings_analyticsUsage","decl":{"start":{"line":77,"column":5},"end":{"line":77,"column":null}},"loc":{"start":{"line":79,"column":34},"end":{"line":101,"column":5}}}},"branchMap":{"0":{"loc":{"start":{"line":107,"column":8},"end":{"line":107,"column":35}},"type":"if","locations":[{"start":{"line":107,"column":8},"end":{"line":107,"column":35}}]},"1":{"loc":{"start":{"line":119,"column":8},"end":{"line":119,"column":48}},"type":"if","locations":[{"start":{"line":119,"column":8},"end":{"line":119,"column":48}}]},"2":{"loc":{"start":{"line":126,"column":8},"end":{"line":128,"column":9}},"type":"if","locations":[{"start":{"line":126,"column":8},"end":{"line":128,"column":9}}]},"3":{"loc":{"start":{"line":130,"column":8},"end":{"line":132,"column":9}},"type":"if","locations":[{"start":{"line":130,"column":8},"end":{"line":132,"column":9}}]},"4":{"loc":{"start":{"line":137,"column":8},"end":{"line":137,"column":40}},"type":"if","locations":[{"start":{"line":137,"column":8},"end":{"line":137,"column":40}}]},"5":{"loc":{"start":{"line":142,"column":8},"end":{"line":142,"column":47}},"type":"if","locations":[{"start":{"line":142,"column":8},"end":{"line":142,"column":47}}]},"6":{"loc":{"start":{"line":142,"column":12},"end":{"line":142,"column":38}},"type":"binary-expr","locations":[{"start":{"line":142,"column":12},"end":{"line":142,"column":20}},{"start":{"line":142,"column":24},"end":{"line":142,"column":38}}]},"7":{"loc":{"start":{"line":149,"column":8},"end":{"line":149,"column":79}},"type":"if","locations":[{"start":{"line":149,"column":8},"end":{"line":149,"column":79}}]},"8":{"loc":{"start":{"line":157,"column":8},"end":{"line":157,"column":47}},"type":"if","locations":[{"start":{"line":157,"column":8},"end":{"line":157,"column":47}}]},"9":{"loc":{"start":{"line":157,"column":12},"end":{"line":157,"column":38}},"type":"binary-expr","locations":[{"start":{"line":157,"column":12},"end":{"line":157,"column":20}},{"start":{"line":157,"column":24},"end":{"line":157,"column":38}}]},"10":{"loc":{"start":{"line":164,"column":8},"end":{"line":164,"column":80}},"type":"if","locations":[{"start":{"line":164,"column":8},"end":{"line":164,"column":80}}]},"11":{"loc":{"start":{"line":171,"column":8},"end":{"line":171,"column":55}},"type":"if","locations":[{"start":{"line":171,"column":8},"end":{"line":171,"column":55}}]},"12":{"loc":{"start":{"line":187,"column":15},"end":{"line":187,"column":82}},"type":"cond-expr","locations":[{"start":{"line":187,"column":27},"end":{"line":187,"column":75}},{"start":{"line":187,"column":78},"end":{"line":187,"column":82}}]},"13":{"loc":{"start":{"line":215,"column":16},"end":{"line":222,"column":17}},"type":"if","locations":[{"start":{"line":215,"column":16},"end":{"line":222,"column":17}}]},"14":{"loc":{"start":{"line":216,"column":20},"end":{"line":218,"column":58}},"type":"binary-expr","locations":[{"start":{"line":216,"column":20},"end":{"line":216,"column":54}},{"start":{"line":217,"column":20},"end":{"line":217,"column":58}},{"start":{"line":218,"column":20},"end":{"line":218,"column":58}}]},"15":{"loc":{"start":{"line":81,"column":8},"end":{"line":81,"column":25}},"type":"if","locations":[{"start":{"line":81,"column":8},"end":{"line":81,"column":25}}]}},"s":{"0":1,"1":5,"2":1,"3":1,"4":1,"5":1,"6":0,"7":1,"8":1,"9":1,"10":1,"11":1,"12":1,"13":0,"14":0,"15":0,"16":0,"17":0,"18":0,"19":0,"20":0,"21":0,"22":0,"23":0,"24":0,"25":0,"26":0,"27":0,"28":0,"29":0,"30":0,"31":0,"32":0,"33":0,"34":0,"35":0,"36":0,"37":0,"38":0,"39":0,"40":0,"41":0,"42":0,"43":0,"44":1,"45":0,"46":1,"47":1,"48":0,"49":0,"50":0,"51":2,"52":2,"53":0,"54":1,"55":1,"56":1,"57":1,"58":1,"59":1,"60":0,"61":0,"62":0,"63":0,"64":0,"65":0,"66":0,"67":0,"68":0,"69":0,"70":0,"71":0,"72":0,"73":1,"74":1,"75":1,"76":1,"77":1,"78":0,"79":1,"80":1},"f":{"0":5,"1":1,"2":1,"3":0,"4":0,"5":0,"6":0,"7":1,"8":0,"9":0,"10":2,"11":0,"12":1,"13":0,"14":0,"15":0,"16":0,"17":0,"18":1,"19":1},"b":{"0":[0],"1":[1],"2":[0],"3":[0],"4":[0],"5":[0],"6":[0,0],"7":[0],"8":[0],"9":[0,0],"10":[0],"11":[0],"12":[2,0],"13":[0],"14":[0,0,0],"15":[0]}}
,"C:\\Users\\User\\Desktop\\Mildred Naab - Labs\\Lab 7\\statically-strict-debugger\\src\\basicSettings.ts": {"path":"C:\\Users\\User\\Desktop\\Mildred Naab - Labs\\Lab 7\\statically-strict-debugger\\src\\basicSettings.ts","statementMap":{"0":{"start":{"line":3,"column":0},"end":{"line":3,"column":32}},"1":{"start":{"line":7,"column":8},"end":{"line":7,"column":16}},"2":{"start":{"line":11,"column":8},"end":{"line":18,"column":10}},"3":{"start":{"line":22,"column":21},"end":{"line":22,"column":47}},"4":{"start":{"line":23,"column":8},"end":{"line":23,"column":51}},"5":{"start":{"line":27,"column":8},"end":{"line":29,"column":17}},"6":{"start":{"line":28,"column":12},"end":{"line":28,"column":29}},"7":{"start":{"line":33,"column":8},"end":{"line":33,"column":79}},"8":{"start":{"line":34,"column":8},"end":{"line":34,"column":92}},"9":{"start":{"line":38,"column":8},"end":{"line":38,"column":83}},"10":{"start":{"line":39,"column":8},"end":{"line":39,"column":88}},"11":{"start":{"line":48,"column":21},"end":{"line":48,"column":70}},"12":{"start":{"line":49,"column":30},"end":{"line":49,"column":53}},"13":{"start":{"line":51,"column":29},"end":{"line":51,"column":65}},"14":{"start":{"line":52,"column":27},"end":{"line":52,"column":106}},"15":{"start":{"line":53,"column":8},"end":{"line":53,"column":65}},"16":{"start":{"line":57,"column":71},"end":{"line":57,"column":119}},"17":{"start":{"line":58,"column":23},"end":{"line":58,"column":120}},"18":{"start":{"line":60,"column":8},"end":{"line":60,"column":42}},"19":{"start":{"line":60,"column":35},"end":{"line":60,"column":42}},"20":{"start":{"line":62,"column":8},"end":{"line":62,"column":51}},"21":{"start":{"line":64,"column":8},"end":{"line":74,"column":9}},"22":{"start":{"line":65,"column":12},"end":{"line":65,"column":60}},"23":{"start":{"line":66,"column":12},"end":{"line":66,"column":41}},"24":{"start":{"line":67,"column":35},"end":{"line":67,"column":64}},"25":{"start":{"line":68,"column":12},"end":{"line":68,"column":81}},"26":{"start":{"line":69,"column":12},"end":{"line":69,"column":63}},"27":{"start":{"line":71,"column":12},"end":{"line":71,"column":61}},"28":{"start":{"line":72,"column":12},"end":{"line":72,"column":68}},"29":{"start":{"line":73,"column":12},"end":{"line":73,"column":31}},"30":{"start":{"line":78,"column":34},"end":{"line":78,"column":71}},"31":{"start":{"line":80,"column":8},"end":{"line":80,"column":70}},"32":{"start":{"line":80,"column":63},"end":{"line":80,"column":70}},"33":{"start":{"line":82,"column":8},"end":{"line":82,"column":49}},"34":{"start":{"line":84,"column":28},"end":{"line":84,"column":106}},"35":{"start":{"line":86,"column":8},"end":{"line":86,"column":33}},"36":{"start":{"line":86,"column":26},"end":{"line":86,"column":33}},"37":{"start":{"line":88,"column":8},"end":{"line":92,"column":9}},"38":{"start":{"line":89,"column":12},"end":{"line":89,"column":44}},"39":{"start":{"line":91,"column":12},"end":{"line":91,"column":43}},"40":{"start":{"line":94,"column":8},"end":{"line":94,"column":63}},"41":{"start":{"line":99,"column":71},"end":{"line":99,"column":119}},"42":{"start":{"line":101,"column":8},"end":{"line":101,"column":31}},"43":{"start":{"line":101,"column":24},"end":{"line":101,"column":31}},"44":{"start":{"line":103,"column":8},"end":{"line":110,"column":9}},"45":{"start":{"line":104,"column":12},"end":{"line":104,"column":60}},"46":{"start":{"line":105,"column":35},"end":{"line":105,"column":64}},"47":{"start":{"line":106,"column":12},"end":{"line":106,"column":81}},"48":{"start":{"line":108,"column":12},"end":{"line":108,"column":61}},"49":{"start":{"line":109,"column":12},"end":{"line":109,"column":68}},"50":{"start":{"line":114,"column":0},"end":{"line":114,"column":21}}},"fnMap":{"0":{"name":"(anonymous_1)","decl":{"start":{"line":6,"column":4},"end":{"line":6,"column":null}},"loc":{"start":{"line":6,"column":4},"end":{"line":8,"column":5}}},"1":{"name":"(anonymous_2)","decl":{"start":{"line":10,"column":4},"end":{"line":10,"column":16}},"loc":{"start":{"line":10,"column":32},"end":{"line":19,"column":5}}},"2":{"name":"(anonymous_3)","decl":{"start":{"line":21,"column":4},"end":{"line":21,"column":23}},"loc":{"start":{"line":21,"column":89},"end":{"line":24,"column":5}}},"3":{"name":"(anonymous_4)","decl":{"start":{"line":26,"column":4},"end":{"line":26,"column":22}},"loc":{"start":{"line":26,"column":43},"end":{"line":30,"column":5}}},"4":{"name":"(anonymous_5)","decl":{"start":{"line":27,"column":19},"end":{"line":27,"column":22}},"loc":{"start":{"line":27,"column":24},"end":{"line":29,"column":9}}},"5":{"name":"(anonymous_6)","decl":{"start":{"line":32,"column":4},"end":{"line":32,"column":17}},"loc":{"start":{"line":32,"column":49},"end":{"line":35,"column":5}}},"6":{"name":"(anonymous_7)","decl":{"start":{"line":37,"column":4},"end":{"line":37,"column":18}},"loc":{"start":{"line":37,"column":50},"end":{"line":40,"column":5}}},"7":{"name":"(anonymous_8)","decl":{"start":{"line":42,"column":4},"end":{"line":42,"column":27}},"loc":{"start":{"line":42,"column":59},"end":{"line":54,"column":5}}},"8":{"name":"(anonymous_9)","decl":{"start":{"line":56,"column":4},"end":{"line":56,"column":21}},"loc":{"start":{"line":56,"column":53},"end":{"line":75,"column":5}}},"9":{"name":"(anonymous_10)","decl":{"start":{"line":77,"column":4},"end":{"line":77,"column":30}},"loc":{"start":{"line":77,"column":70},"end":{"line":95,"column":5}}},"10":{"name":"(anonymous_11)","decl":{"start":{"line":98,"column":4},"end":{"line":98,"column":15}},"loc":{"start":{"line":98,"column":67},"end":{"line":111,"column":5}}}},"branchMap":{"0":{"loc":{"start":{"line":60,"column":8},"end":{"line":60,"column":42}},"type":"if","locations":[{"start":{"line":60,"column":8},"end":{"line":60,"column":42}}]},"1":{"loc":{"start":{"line":60,"column":12},"end":{"line":60,"column":33}},"type":"binary-expr","locations":[{"start":{"line":60,"column":12},"end":{"line":60,"column":22}},{"start":{"line":60,"column":26},"end":{"line":60,"column":33}}]},"2":{"loc":{"start":{"line":64,"column":8},"end":{"line":74,"column":9}},"type":"if","locations":[{"start":{"line":64,"column":8},"end":{"line":74,"column":9}},{"start":{"line":70,"column":15},"end":{"line":74,"column":9}}]},"3":{"loc":{"start":{"line":80,"column":8},"end":{"line":80,"column":70}},"type":"if","locations":[{"start":{"line":80,"column":8},"end":{"line":80,"column":70}}]},"4":{"loc":{"start":{"line":80,"column":12},"end":{"line":80,"column":61}},"type":"binary-expr","locations":[{"start":{"line":80,"column":12},"end":{"line":80,"column":41}},{"start":{"line":80,"column":45},"end":{"line":80,"column":61}}]},"5":{"loc":{"start":{"line":86,"column":8},"end":{"line":86,"column":33}},"type":"if","locations":[{"start":{"line":86,"column":8},"end":{"line":86,"column":33}}]},"6":{"loc":{"start":{"line":88,"column":8},"end":{"line":92,"column":9}},"type":"if","locations":[{"start":{"line":88,"column":8},"end":{"line":92,"column":9}},{"start":{"line":90,"column":15},"end":{"line":92,"column":9}}]},"7":{"loc":{"start":{"line":101,"column":8},"end":{"line":101,"column":31}},"type":"if","locations":[{"start":{"line":101,"column":8},"end":{"line":101,"column":31}}]},"8":{"loc":{"start":{"line":103,"column":8},"end":{"line":110,"column":9}},"type":"if","locations":[{"start":{"line":103,"column":8},"end":{"line":110,"column":9}},{"start":{"line":107,"column":15},"end":{"line":110,"column":9}}]}},"s":{"0":1,"1":5,"2":0,"3":0,"4":0,"5":0,"6":0,"7":0,"8":0,"9":0,"10":0,"11":0,"12":0,"13":0,"14":0,"15":0,"16":0,"17":0,"18":0,"19":0,"20":0,"21":0,"22":0,"23":0,"24":0,"25":0,"26":0,"27":0,"28":0,"29":0,"30":0,"31":0,"32":0,"33":0,"34":0,"35":0,"36":0,"37":0,"38":0,"39":0,"40":0,"41":0,"42":0,"43":0,"44":0,"45":0,"46":0,"47":0,"48":0,"49":0,"50":1},"f":{"0":5,"1":0,"2":0,"3":0,"4":0,"5":0,"6":0,"7":0,"8":0,"9":0,"10":0},"b":{"0":[0],"1":[0,0],"2":[0,0],"3":[0],"4":[0,0],"5":[0],"6":[0,0],"7":[0],"8":[0,0]}}
,"C:\\Users\\User\\Desktop\\Mildred Naab - Labs\\Lab 7\\statically-strict-debugger\\src\\general.ts": {"path":"C:\\Users\\User\\Desktop\\Mildred Naab - Labs\\Lab 7\\statically-strict-debugger\\src\\general.ts","statementMap":{"0":{"start":{"line":2,"column":4},"end":{"line":22,"column":6}},"1":{"start":{"line":24,"column":4},"end":{"line":29,"column":6}},"2":{"start":{"line":35,"column":8},"end":{"line":35,"column":31}},"3":{"start":{"line":36,"column":8},"end":{"line":36,"column":32}},"4":{"start":{"line":40,"column":8},"end":{"line":40,"column":41}},"5":{"start":{"line":44,"column":8},"end":{"line":44,"column":36}},"6":{"start":{"line":48,"column":32},"end":{"line":48,"column":120}},"7":{"start":{"line":49,"column":21},"end":{"line":49,"column":70}},"8":{"start":{"line":50,"column":8},"end":{"line":50,"column":20}},"9":{"start":{"line":54,"column":21},"end":{"line":54,"column":93}},"10":{"start":{"line":55,"column":21},"end":{"line":55,"column":44}},"11":{"start":{"line":56,"column":8},"end":{"line":56,"column":20}},"12":{"start":{"line":60,"column":8},"end":{"line":60,"column":56}},"13":{"start":{"line":64,"column":8},"end":{"line":68,"column":10}},"14":{"start":{"line":72,"column":21},"end":{"line":72,"column":47}},"15":{"start":{"line":73,"column":8},"end":{"line":73,"column":51}},"16":{"start":{"line":77,"column":8},"end":{"line":79,"column":17}},"17":{"start":{"line":78,"column":12},"end":{"line":78,"column":29}},"18":{"start":{"line":83,"column":8},"end":{"line":83,"column":50}},"19":{"start":{"line":87,"column":32},"end":{"line":87,"column":75}},"20":{"start":{"line":88,"column":8},"end":{"line":88,"column":100}},"21":{"start":{"line":92,"column":8},"end":{"line":92,"column":63}},"22":{"start":{"line":100,"column":8},"end":{"line":100,"column":36}},"23":{"start":{"line":104,"column":8},"end":{"line":104,"column":43}},"24":{"start":{"line":108,"column":8},"end":{"line":108,"column":43}},"25":{"start":{"line":112,"column":8},"end":{"line":112,"column":40}},"26":{"start":{"line":118,"column":8},"end":{"line":127,"column":9}},"27":{"start":{"line":119,"column":12},"end":{"line":119,"column":48}},"28":{"start":{"line":120,"column":15},"end":{"line":127,"column":9}},"29":{"start":{"line":121,"column":37},"end":{"line":121,"column":78}},"30":{"start":{"line":122,"column":12},"end":{"line":122,"column":59}},"31":{"start":{"line":123,"column":15},"end":{"line":127,"column":9}},"32":{"start":{"line":124,"column":12},"end":{"line":124,"column":54}},"33":{"start":{"line":126,"column":12},"end":{"line":126,"column":56}},"34":{"start":{"line":129,"column":8},"end":{"line":129,"column":28}},"35":{"start":{"line":129,"column":21},"end":{"line":129,"column":28}},"36":{"start":{"line":131,"column":30},"end":{"line":131,"column":89}},"37":{"start":{"line":133,"column":8},"end":{"line":133,"column":37}},"38":{"start":{"line":133,"column":30},"end":{"line":133,"column":37}},"39":{"start":{"line":135,"column":8},"end":{"line":135,"column":42}},"40":{"start":{"line":139,"column":22},"end":{"line":139,"column":37}},"41":{"start":{"line":140,"column":24},"end":{"line":140,"column":39}},"42":{"start":{"line":141,"column":8},"end":{"line":141,"column":23}},"43":{"start":{"line":145,"column":0},"end":{"line":145,"column":23}}},"fnMap":{"0":{"name":"(anonymous_0)","decl":{"start":{"line":34,"column":4},"end":{"line":34,"column":null}},"loc":{"start":{"line":34,"column":4},"end":{"line":37,"column":5}}},"1":{"name":"(anonymous_1)","decl":{"start":{"line":39,"column":4},"end":{"line":39,"column":16}},"loc":{"start":{"line":39,"column":29},"end":{"line":41,"column":5}}},"2":{"name":"(anonymous_2)","decl":{"start":{"line":43,"column":4},"end":{"line":43,"column":11}},"loc":{"start":{"line":43,"column":11},"end":{"line":45,"column":5}}},"3":{"name":"(anonymous_3)","decl":{"start":{"line":47,"column":4},"end":{"line":47,"column":28}},"loc":{"start":{"line":47,"column":119},"end":{"line":51,"column":5}}},"4":{"name":"(anonymous_4)","decl":{"start":{"line":53,"column":4},"end":{"line":53,"column":20}},"loc":{"start":{"line":53,"column":91},"end":{"line":57,"column":5}}},"5":{"name":"(anonymous_5)","decl":{"start":{"line":59,"column":4},"end":{"line":59,"column":14}},"loc":{"start":{"line":59,"column":80},"end":{"line":61,"column":5}}},"6":{"name":"(anonymous_6)","decl":{"start":{"line":63,"column":4},"end":{"line":63,"column":16}},"loc":{"start":{"line":63,"column":32},"end":{"line":69,"column":5}}},"7":{"name":"(anonymous_7)","decl":{"start":{"line":71,"column":4},"end":{"line":71,"column":23}},"loc":{"start":{"line":71,"column":89},"end":{"line":74,"column":5}}},"8":{"name":"(anonymous_8)","decl":{"start":{"line":76,"column":4},"end":{"line":76,"column":22}},"loc":{"start":{"line":76,"column":43},"end":{"line":80,"column":5}}},"9":{"name":"(anonymous_9)","decl":{"start":{"line":77,"column":19},"end":{"line":77,"column":22}},"loc":{"start":{"line":77,"column":24},"end":{"line":79,"column":9}}},"10":{"name":"(anonymous_10)","decl":{"start":{"line":82,"column":4},"end":{"line":82,"column":12}},"loc":{"start":{"line":82,"column":31},"end":{"line":84,"column":5}}},"11":{"name":"(anonymous_11)","decl":{"start":{"line":86,"column":4},"end":{"line":86,"column":19}},"loc":{"start":{"line":86,"column":99},"end":{"line":89,"column":5}}},"12":{"name":"(anonymous_12)","decl":{"start":{"line":91,"column":4},"end":{"line":91,"column":24}},"loc":{"start":{"line":91,"column":69},"end":{"line":93,"column":5}}},"13":{"name":"(anonymous_13)","decl":{"start":{"line":95,"column":4},"end":{"line":95,"column":23}},"loc":{"start":{"line":95,"column":33},"end":{"line":97,"column":5}}},"14":{"name":"(anonymous_14)","decl":{"start":{"line":99,"column":4},"end":{"line":99,"column":21}},"loc":{"start":{"line":99,"column":57},"end":{"line":101,"column":5}}},"15":{"name":"(anonymous_15)","decl":{"start":{"line":103,"column":4},"end":{"line":103,"column":16}},"loc":{"start":{"line":103,"column":37},"end":{"line":105,"column":5}}},"16":{"name":"(anonymous_16)","decl":{"start":{"line":107,"column":4},"end":{"line":107,"column":16}},"loc":{"start":{"line":107,"column":37},"end":{"line":109,"column":5}}},"17":{"name":"(anonymous_17)","decl":{"start":{"line":111,"column":4},"end":{"line":111,"column":13}},"loc":{"start":{"line":111,"column":34},"end":{"line":113,"column":5}}},"18":{"name":"(anonymous_18)","decl":{"start":{"line":115,"column":4},"end":{"line":115,"column":23}},"loc":{"start":{"line":115,"column":73},"end":{"line":136,"column":5}}},"19":{"name":"(anonymous_19)","decl":{"start":{"line":138,"column":4},"end":{"line":138,"column":25}},"loc":{"start":{"line":138,"column":38},"end":{"line":142,"column":5}}}},"branchMap":{"0":{"loc":{"start":{"line":47,"column":51},"end":{"line":47,"column":88}},"type":"default-arg","locations":[{"start":{"line":47,"column":80},"end":{"line":47,"column":88}}]},"1":{"loc":{"start":{"line":47,"column":90},"end":{"line":47,"column":119}},"type":"default-arg","locations":[{"start":{"line":47,"column":116},"end":{"line":47,"column":119}}]},"2":{"loc":{"start":{"line":49,"column":21},"end":{"line":49,"column":70}},"type":"binary-expr","locations":[{"start":{"line":49,"column":21},"end":{"line":49,"column":64}},{"start":{"line":49,"column":68},"end":{"line":49,"column":70}}]},"3":{"loc":{"start":{"line":49,"column":21},"end":{"line":49,"column":64}},"type":"cond-expr","locations":[{"start":{"line":49,"column":49},"end":{"line":49,"column":51}},{"start":{"line":49,"column":49},"end":{"line":49,"column":64}}]},"4":{"loc":{"start":{"line":49,"column":21},"end":{"line":49,"column":51}},"type":"binary-expr","locations":[{"start":{"line":49,"column":21},"end":{"line":49,"column":51}},{"start":{"line":49,"column":49},"end":{"line":49,"column":51}}]},"5":{"loc":{"start":{"line":49,"column":21},"end":{"line":49,"column":49}},"type":"cond-expr","locations":[{"start":{"line":49,"column":36},"end":{"line":49,"column":38}},{"start":{"line":49,"column":21},"end":{"line":49,"column":49}}]},"6":{"loc":{"start":{"line":49,"column":21},"end":{"line":49,"column":38}},"type":"binary-expr","locations":[{"start":{"line":49,"column":21},"end":{"line":49,"column":38}},{"start":{"line":49,"column":21},"end":{"line":49,"column":38}}]},"7":{"loc":{"start":{"line":88,"column":15},"end":{"line":88,"column":99}},"type":"cond-expr","locations":[{"start":{"line":88,"column":33},"end":{"line":88,"column":92}},{"start":{"line":88,"column":95},"end":{"line":88,"column":99}}]},"8":{"loc":{"start":{"line":118,"column":8},"end":{"line":127,"column":9}},"type":"if","locations":[{"start":{"line":118,"column":8},"end":{"line":127,"column":9}},{"start":{"line":120,"column":15},"end":{"line":127,"column":9}}]},"9":{"loc":{"start":{"line":120,"column":15},"end":{"line":127,"column":9}},"type":"if","locations":[{"start":{"line":120,"column":15},"end":{"line":127,"column":9}},{"start":{"line":123,"column":15},"end":{"line":127,"column":9}}]},"10":{"loc":{"start":{"line":123,"column":15},"end":{"line":127,"column":9}},"type":"if","locations":[{"start":{"line":123,"column":15},"end":{"line":127,"column":9}},{"start":{"line":125,"column":15},"end":{"line":127,"column":9}}]},"11":{"loc":{"start":{"line":129,"column":8},"end":{"line":129,"column":28}},"type":"if","locations":[{"start":{"line":129,"column":8},"end":{"line":129,"column":28}}]},"12":{"loc":{"start":{"line":133,"column":8},"end":{"line":133,"column":37}},"type":"if","locations":[{"start":{"line":133,"column":8},"end":{"line":133,"column":37}}]}},"s":{"0":15,"1":15,"2":15,"3":15,"4":2,"5":1,"6":2,"7":2,"8":2,"9":0,"10":0,"11":0,"12":2,"13":0,"14":0,"15":0,"16":0,"17":0,"18":3,"19":4,"20":4,"21":1,"22":1,"23":2,"24":2,"25":1,"26":1,"27":1,"28":0,"29":0,"30":0,"31":0,"32":0,"33":0,"34":1,"35":0,"36":1,"37":1,"38":0,"39":1,"40":1,"41":1,"42":1,"43":2},"f":{"0":15,"1":2,"2":1,"3":2,"4":0,"5":2,"6":0,"7":0,"8":0,"9":0,"10":3,"11":4,"12":1,"13":0,"14":1,"15":2,"16":2,"17":1,"18":1,"19":1},"b":{"0":[2],"1":[2],"2":[2,0],"3":[0,2],"4":[2,2],"5":[0,2],"6":[2,2],"7":[4,0],"8":[1,0],"9":[0,0],"10":[0,0],"11":[0],"12":[0]}}
,"C:\\Users\\User\\Desktop\\Mildred Naab - Labs\\Lab 7\\statically-strict-debugger\\src\\main.ts": {"path":"C:\\Users\\User\\Desktop\\Mildred Naab - Labs\\Lab 7\\statically-strict-debugger\\src\\main.ts","statementMap":{"0":{"start":{"line":4,"column":23},"end":{"line":4,"column":76}},"1":{"start":{"line":5,"column":17},"end":{"line":5,"column":62}},"2":{"start":{"line":6,"column":27},"end":{"line":6,"column":90}},"3":{"start":{"line":7,"column":33},"end":{"line":7,"column":102}},"4":{"start":{"line":8,"column":12},"end":{"line":8,"column":56}},"5":{"start":{"line":9,"column":15},"end":{"line":9,"column":73}},"6":{"start":{"line":15,"column":24},"end":{"line":15,"column":35}},"7":{"start":{"line":16,"column":25},"end":{"line":16,"column":46}},"8":{"start":{"line":20,"column":28},"end":{"line":20,"column":32}},"9":{"start":{"line":25,"column":0},"end":{"line":35,"column":3}},"10":{"start":{"line":26,"column":4},"end":{"line":26,"column":68}},"11":{"start":{"line":26,"column":61},"end":{"line":26,"column":68}},"12":{"start":{"line":28,"column":4},"end":{"line":28,"column":40}},"13":{"start":{"line":29,"column":4},"end":{"line":29,"column":41}},"14":{"start":{"line":31,"column":4},"end":{"line":34,"column":13}},"15":{"start":{"line":32,"column":8},"end":{"line":32,"column":57}},"16":{"start":{"line":33,"column":8},"end":{"line":33,"column":42}},"17":{"start":{"line":38,"column":0},"end":{"line":57,"column":3}},"18":{"start":{"line":39,"column":28},"end":{"line":39,"column":51}},"19":{"start":{"line":42,"column":4},"end":{"line":48,"column":5}},"20":{"start":{"line":43,"column":28},"end":{"line":43,"column":112}},"21":{"start":{"line":44,"column":8},"end":{"line":46,"column":9}},"22":{"start":{"line":45,"column":12},"end":{"line":45,"column":59}},"23":{"start":{"line":47,"column":8},"end":{"line":47,"column":15}},"24":{"start":{"line":51,"column":4},"end":{"line":56,"column":5}},"25":{"start":{"line":52,"column":36},"end":{"line":52,"column":101}},"26":{"start":{"line":53,"column":8},"end":{"line":55,"column":9}},"27":{"start":{"line":54,"column":12},"end":{"line":54,"column":61}},"28":{"start":{"line":60,"column":0},"end":{"line":67,"column":3}},"29":{"start":{"line":61,"column":19},"end":{"line":61,"column":47}},"30":{"start":{"line":62,"column":18},"end":{"line":62,"column":38}},"31":{"start":{"line":64,"column":4},"end":{"line":66,"column":5}},"32":{"start":{"line":65,"column":8},"end":{"line":65,"column":66}},"33":{"start":{"line":70,"column":0},"end":{"line":100,"column":3}},"34":{"start":{"line":71,"column":28},"end":{"line":71,"column":51}},"35":{"start":{"line":73,"column":4},"end":{"line":75,"column":5}},"36":{"start":{"line":74,"column":8},"end":{"line":74,"column":43}},"37":{"start":{"line":78,"column":4},"end":{"line":80,"column":5}},"38":{"start":{"line":79,"column":8},"end":{"line":79,"column":63}},"39":{"start":{"line":83,"column":4},"end":{"line":85,"column":5}},"40":{"start":{"line":84,"column":8},"end":{"line":84,"column":69}},"41":{"start":{"line":88,"column":4},"end":{"line":90,"column":5}},"42":{"start":{"line":89,"column":8},"end":{"line":89,"column":70}},"43":{"start":{"line":93,"column":4},"end":{"line":99,"column":5}},"44":{"start":{"line":94,"column":8},"end":{"line":98,"column":9}},"45":{"start":{"line":95,"column":12},"end":{"line":95,"column":83}},"46":{"start":{"line":96,"column":15},"end":{"line":98,"column":9}},"47":{"start":{"line":97,"column":12},"end":{"line":97,"column":84}}},"fnMap":{"0":{"name":"(anonymous_0)","decl":{"start":{"line":25,"column":42},"end":{"line":25,"column":52}},"loc":{"start":{"line":25,"column":60},"end":{"line":35,"column":1}}},"1":{"name":"(anonymous_1)","decl":{"start":{"line":31,"column":15},"end":{"line":31,"column":18}},"loc":{"start":{"line":31,"column":20},"end":{"line":34,"column":5}}},"2":{"name":"(anonymous_2)","decl":{"start":{"line":38,"column":46},"end":{"line":38,"column":47}},"loc":{"start":{"line":38,"column":65},"end":{"line":57,"column":1}}},"3":{"name":"(anonymous_3)","decl":{"start":{"line":60,"column":47},"end":{"line":60,"column":48}},"loc":{"start":{"line":60,"column":66},"end":{"line":67,"column":1}}},"4":{"name":"(anonymous_4)","decl":{"start":{"line":70,"column":52},"end":{"line":70,"column":53}},"loc":{"start":{"line":70,"column":71},"end":{"line":100,"column":1}}}},"branchMap":{"0":{"loc":{"start":{"line":25,"column":0},"end":{"line":35,"column":2}},"type":"cond-expr","locations":[{"start":{"line":25,"column":14},"end":{"line":25,"column":16}},{"start":{"line":25,"column":0},"end":{"line":35,"column":2}}]},"1":{"loc":{"start":{"line":25,"column":0},"end":{"line":25,"column":16}},"type":"binary-expr","locations":[{"start":{"line":25,"column":0},"end":{"line":25,"column":16}},{"start":{"line":25,"column":0},"end":{"line":25,"column":16}}]},"2":{"loc":{"start":{"line":26,"column":4},"end":{"line":26,"column":68}},"type":"if","locations":[{"start":{"line":26,"column":4},"end":{"line":26,"column":68}}]},"3":{"loc":{"start":{"line":26,"column":8},"end":{"line":26,"column":59}},"type":"binary-expr","locations":[{"start":{"line":26,"column":8},"end":{"line":26,"column":17}},{"start":{"line":26,"column":21},"end":{"line":26,"column":28}},{"start":{"line":26,"column":32},"end":{"line":26,"column":51}},{"start":{"line":26,"column":55},"end":{"line":26,"column":59}}]},"4":{"loc":{"start":{"line":38,"column":0},"end":{"line":57,"column":2}},"type":"cond-expr","locations":[{"start":{"line":38,"column":18},"end":{"line":38,"column":20}},{"start":{"line":38,"column":0},"end":{"line":57,"column":2}}]},"5":{"loc":{"start":{"line":38,"column":0},"end":{"line":38,"column":20}},"type":"binary-expr","locations":[{"start":{"line":38,"column":0},"end":{"line":38,"column":20}},{"start":{"line":38,"column":0},"end":{"line":38,"column":20}}]},"6":{"loc":{"start":{"line":42,"column":4},"end":{"line":48,"column":5}},"type":"if","locations":[{"start":{"line":42,"column":4},"end":{"line":48,"column":5}}]},"7":{"loc":{"start":{"line":43,"column":28},"end":{"line":43,"column":112}},"type":"cond-expr","locations":[{"start":{"line":43,"column":78},"end":{"line":43,"column":80}},{"start":{"line":43,"column":78},"end":{"line":43,"column":112}}]},"8":{"loc":{"start":{"line":43,"column":28},"end":{"line":43,"column":80}},"type":"binary-expr","locations":[{"start":{"line":43,"column":28},"end":{"line":43,"column":80}},{"start":{"line":43,"column":78},"end":{"line":43,"column":80}}]},"9":{"loc":{"start":{"line":44,"column":8},"end":{"line":46,"column":9}},"type":"if","locations":[{"start":{"line":44,"column":8},"end":{"line":46,"column":9}}]},"10":{"loc":{"start":{"line":51,"column":4},"end":{"line":56,"column":5}},"type":"if","locations":[{"start":{"line":51,"column":4},"end":{"line":56,"column":5}}]},"11":{"loc":{"start":{"line":53,"column":8},"end":{"line":55,"column":9}},"type":"if","locations":[{"start":{"line":53,"column":8},"end":{"line":55,"column":9}}]},"12":{"loc":{"start":{"line":60,"column":0},"end":{"line":67,"column":2}},"type":"cond-expr","locations":[{"start":{"line":60,"column":18},"end":{"line":60,"column":20}},{"start":{"line":60,"column":0},"end":{"line":67,"column":2}}]},"13":{"loc":{"start":{"line":60,"column":0},"end":{"line":60,"column":20}},"type":"binary-expr","locations":[{"start":{"line":60,"column":0},"end":{"line":60,"column":20}},{"start":{"line":60,"column":0},"end":{"line":60,"column":20}}]},"14":{"loc":{"start":{"line":64,"column":4},"end":{"line":66,"column":5}},"type":"if","locations":[{"start":{"line":64,"column":4},"end":{"line":66,"column":5}}]},"15":{"loc":{"start":{"line":70,"column":0},"end":{"line":100,"column":2}},"type":"cond-expr","locations":[{"start":{"line":70,"column":24},"end":{"line":70,"column":26}},{"start":{"line":70,"column":0},"end":{"line":100,"column":2}}]},"16":{"loc":{"start":{"line":70,"column":0},"end":{"line":70,"column":26}},"type":"binary-expr","locations":[{"start":{"line":70,"column":0},"end":{"line":70,"column":26}},{"start":{"line":70,"column":0},"end":{"line":70,"column":26}}]},"17":{"loc":{"start":{"line":73,"column":4},"end":{"line":75,"column":5}},"type":"if","locations":[{"start":{"line":73,"column":4},"end":{"line":75,"column":5}}]},"18":{"loc":{"start":{"line":78,"column":4},"end":{"line":80,"column":5}},"type":"if","locations":[{"start":{"line":78,"column":4},"end":{"line":80,"column":5}}]},"19":{"loc":{"start":{"line":83,"column":4},"end":{"line":85,"column":5}},"type":"if","locations":[{"start":{"line":83,"column":4},"end":{"line":85,"column":5}}]},"20":{"loc":{"start":{"line":88,"column":4},"end":{"line":90,"column":5}},"type":"if","locations":[{"start":{"line":88,"column":4},"end":{"line":90,"column":5}}]},"21":{"loc":{"start":{"line":93,"column":4},"end":{"line":99,"column":5}},"type":"if","locations":[{"start":{"line":93,"column":4},"end":{"line":99,"column":5}}]},"22":{"loc":{"start":{"line":93,"column":8},"end":{"line":93,"column":55}},"type":"cond-expr","locations":[{"start":{"line":93,"column":35},"end":{"line":93,"column":37}},{"start":{"line":93,"column":35},"end":{"line":93,"column":55}}]},"23":{"loc":{"start":{"line":93,"column":8},"end":{"line":93,"column":37}},"type":"binary-expr","locations":[{"start":{"line":93,"column":8},"end":{"line":93,"column":37}},{"start":{"line":93,"column":35},"end":{"line":93,"column":37}}]},"24":{"loc":{"start":{"line":94,"column":8},"end":{"line":98,"column":9}},"type":"if","locations":[{"start":{"line":94,"column":8},"end":{"line":98,"column":9}},{"start":{"line":96,"column":15},"end":{"line":98,"column":9}}]},"25":{"loc":{"start":{"line":96,"column":15},"end":{"line":98,"column":9}},"type":"if","locations":[{"start":{"line":96,"column":15},"end":{"line":98,"column":9}}]}},"s":{"0":0,"1":0,"2":0,"3":0,"4":0,"5":0,"6":0,"7":0,"8":0,"9":0,"10":0,"11":0,"12":0,"13":0,"14":0,"15":0,"16":0,"17":0,"18":0,"19":0,"20":0,"21":0,"22":0,"23":0,"24":0,"25":0,"26":0,"27":0,"28":0,"29":0,"30":0,"31":0,"32":0,"33":0,"34":0,"35":0,"36":0,"37":0,"38":0,"39":0,"40":0,"41":0,"42":0,"43":0,"44":0,"45":0,"46":0,"47":0},"f":{"0":0,"1":0,"2":0,"3":0,"4":0},"b":{"0":[0,0],"1":[0,0],"2":[0],"3":[0,0,0,0],"4":[0,0],"5":[0,0],"6":[0],"7":[0,0],"8":[0,0],"9":[0],"10":[0],"11":[0],"12":[0,0],"13":[0,0],"14":[0],"15":[0,0],"16":[0,0],"17":[0],"18":[0],"19":[0],"20":[0],"21":[0],"22":[0,0],"23":[0,0],"24":[0,0],"25":[0]}}
}
