TN:
SF:src\advanceSettings.ts
FN:9,(anonymous_9)
FN:103,(anonymous_10)
FN:117,(anonymous_11)
FN:122,(anonymous_12)
FN:135,(anonymous_13)
FN:140,(anonymous_14)
FN:155,(anonymous_15)
FN:170,(anonymous_16)
FN:176,(anonymous_17)
FN:180,(anonymous_18)
FN:185,(anonymous_19)
FN:190,(anonymous_20)
FN:194,(anonymous_21)
FN:203,(anonymous_22)
FN:210,(anonymous_23)
FN:211,(anonymous_25)
FN:212,(anonymous_26)
FN:229,(anonymous_27)
FN:13,_AdvanceSettings_markup
FN:77,_AdvanceSettings_analyticsUsage
FNF:20
FNH:16
FNDA:11,(anonymous_9)
FNDA:1,(anonymous_10)
FNDA:1,(anonymous_11)
FNDA:1,(anonymous_12)
FNDA:0,(anonymous_13)
FNDA:0,(anonymous_14)
FNDA:0,(anonymous_15)
FNDA:2,(anonymous_16)
FNDA:1,(anonymous_17)
FNDA:1,(anonymous_18)
FNDA:3,(anonymous_19)
FNDA:1,(anonymous_20)
FNDA:2,(anonymous_21)
FNDA:0,(anonymous_22)
FNDA:1,(anonymous_23)
FNDA:1,(anonymous_25)
FNDA:1,(anonymous_26)
FNDA:1,(anonymous_27)
FNDA:2,_AdvanceSettings_markup
FNDA:1,_AdvanceSettings_analyticsUsage
DA:4,2
DA:10,11
DA:13,2
DA:14,2
DA:15,2
DA:80,1
DA:81,1
DA:83,1
DA:104,1
DA:105,1
DA:106,1
DA:107,1
DA:108,1
DA:111,1
DA:114,1
DA:118,1
DA:119,1
DA:123,1
DA:124,1
DA:126,1
DA:127,0
DA:130,1
DA:131,1
DA:136,0
DA:137,0
DA:141,0
DA:142,0
DA:144,0
DA:145,0
DA:146,0
DA:148,0
DA:149,0
DA:151,0
DA:152,0
DA:156,0
DA:157,0
DA:159,0
DA:160,0
DA:161,0
DA:163,0
DA:164,0
DA:166,0
DA:167,0
DA:171,2
DA:172,2
DA:173,2
DA:177,1
DA:181,1
DA:182,1
DA:186,3
DA:187,3
DA:191,1
DA:195,2
DA:196,2
DA:197,2
DA:198,2
DA:199,2
DA:200,2
DA:204,0
DA:205,0
DA:206,0
DA:207,0
DA:211,1
DA:212,1
DA:213,1
DA:215,1
DA:220,1
DA:221,1
DA:225,1
DA:230,1
DA:231,1
DA:235,2
LF:72
LH:47
BRDA:107,0,0,0
BRDA:119,1,0,1
BRDA:126,2,0,0
BRDA:130,3,0,1
BRDA:137,4,0,0
BRDA:142,5,0,0
BRDA:142,6,0,0
BRDA:142,6,1,0
BRDA:149,7,0,0
BRDA:157,8,0,0
BRDA:157,9,0,0
BRDA:157,9,1,0
BRDA:164,10,0,0
BRDA:171,11,0,0
BRDA:187,12,0,3
BRDA:187,12,1,0
BRDA:215,13,0,1
BRDA:216,14,0,1
BRDA:216,14,1,1
BRDA:216,14,2,1
BRDA:81,15,0,0
BRF:21
BRH:7
end_of_record
TN:
SF:src\basicSettings.ts
FN:6,(anonymous_1)
FN:10,(anonymous_2)
FN:21,(anonymous_3)
FN:26,(anonymous_4)
FN:27,(anonymous_5)
FN:32,(anonymous_6)
FN:37,(anonymous_7)
FN:42,(anonymous_8)
FN:56,(anonymous_9)
FN:77,(anonymous_10)
FN:98,(anonymous_11)
FNF:11
FNH:11
FNDA:19,(anonymous_1)
FNDA:2,(anonymous_2)
FNDA:1,(anonymous_3)
FNDA:1,(anonymous_4)
FNDA:1,(anonymous_5)
FNDA:4,(anonymous_6)
FNDA:3,(anonymous_7)
FNDA:6,(anonymous_8)
FNDA:2,(anonymous_9)
FNDA:1,(anonymous_10)
FNDA:3,(anonymous_11)
DA:3,3
DA:7,19
DA:11,2
DA:22,1
DA:23,1
DA:27,1
DA:28,1
DA:33,4
DA:34,4
DA:38,3
DA:39,3
DA:48,6
DA:49,6
DA:51,6
DA:52,6
DA:53,6
DA:57,2
DA:58,2
DA:60,2
DA:62,2
DA:64,2
DA:65,1
DA:66,1
DA:67,1
DA:68,1
DA:69,1
DA:71,1
DA:72,1
DA:73,1
DA:78,1
DA:80,1
DA:82,1
DA:84,1
DA:86,1
DA:88,1
DA:89,0
DA:91,1
DA:94,1
DA:99,3
DA:101,3
DA:103,3
DA:104,2
DA:105,2
DA:106,2
DA:108,1
DA:109,1
DA:114,3
LF:47
LH:46
BRDA:60,0,0,0
BRDA:60,1,0,2
BRDA:60,1,1,2
BRDA:64,2,0,1
BRDA:64,2,1,1
BRDA:80,3,0,0
BRDA:80,4,0,1
BRDA:80,4,1,1
BRDA:86,5,0,0
BRDA:88,6,0,0
BRDA:88,6,1,1
BRDA:101,7,0,0
BRDA:103,8,0,2
BRDA:103,8,1,1
BRF:14
BRH:9
end_of_record
TN:
SF:src\general.ts
FN:34,(anonymous_0)
FN:39,(anonymous_1)
FN:43,(anonymous_2)
FN:47,(anonymous_3)
FN:53,(anonymous_4)
FN:59,(anonymous_5)
FN:63,(anonymous_6)
FN:71,(anonymous_7)
FN:76,(anonymous_8)
FN:77,(anonymous_9)
FN:82,(anonymous_10)
FN:86,(anonymous_11)
FN:91,(anonymous_12)
FN:95,(anonymous_13)
FN:99,(anonymous_14)
FN:103,(anonymous_15)
FN:107,(anonymous_16)
FN:111,(anonymous_17)
FN:115,(anonymous_18)
FN:138,(anonymous_19)
FNF:20
FNH:14
FNDA:29,(anonymous_0)
FNDA:8,(anonymous_1)
FNDA:1,(anonymous_2)
FNDA:8,(anonymous_3)
FNDA:0,(anonymous_4)
FNDA:3,(anonymous_5)
FNDA:0,(anonymous_6)
FNDA:0,(anonymous_7)
FNDA:0,(anonymous_8)
FNDA:0,(anonymous_9)
FNDA:5,(anonymous_10)
FNDA:19,(anonymous_11)
FNDA:6,(anonymous_12)
FNDA:0,(anonymous_13)
FNDA:1,(anonymous_14)
FNDA:2,(anonymous_15)
FNDA:2,(anonymous_16)
FNDA:2,(anonymous_17)
FNDA:1,(anonymous_18)
FNDA:1,(anonymous_19)
DA:2,29
DA:24,29
DA:35,29
DA:36,29
DA:40,8
DA:44,1
DA:48,8
DA:49,8
DA:50,8
DA:54,0
DA:55,0
DA:56,0
DA:60,3
DA:64,0
DA:72,0
DA:73,0
DA:77,0
DA:78,0
DA:83,5
DA:87,19
DA:88,19
DA:92,6
DA:100,1
DA:104,2
DA:108,2
DA:112,2
DA:118,1
DA:119,1
DA:120,0
DA:121,0
DA:122,0
DA:123,0
DA:124,0
DA:126,0
DA:129,1
DA:131,1
DA:133,1
DA:135,1
DA:139,1
DA:140,1
DA:141,1
DA:145,4
LF:42
LH:28
BRDA:47,0,0,8
BRDA:47,1,0,8
BRDA:49,2,0,8
BRDA:49,2,1,0
BRDA:49,3,0,0
BRDA:49,3,1,8
BRDA:49,4,0,8
BRDA:49,4,1,8
BRDA:49,5,0,0
BRDA:49,5,1,8
BRDA:49,6,0,8
BRDA:49,6,1,8
BRDA:88,7,0,19
BRDA:88,7,1,0
BRDA:118,8,0,1
BRDA:118,8,1,0
BRDA:120,9,0,0
BRDA:120,9,1,0
BRDA:123,10,0,0
BRDA:123,10,1,0
BRDA:129,11,0,0
BRDA:133,12,0,0
BRF:22
BRH:11
end_of_record
TN:
SF:src\main.ts
FN:4,initializeApp
FN:15,(anonymous_2)
FN:21,(anonymous_3)
FN:27,(anonymous_4)
FN:42,(anonymous_5)
FN:51,(anonymous_6)
FNF:6
FNH:6
FNDA:5,initializeApp
FNDA:1,(anonymous_2)
FNDA:1,(anonymous_3)
FNDA:2,(anonymous_4)
FNDA:1,(anonymous_5)
FNDA:5,(anonymous_6)
DA:1,1
DA:2,1
DA:4,1
DA:8,5
DA:9,5
DA:10,5
DA:11,5
DA:12,5
DA:13,5
DA:15,5
DA:16,1
DA:18,1
DA:19,1
DA:21,1
DA:22,1
DA:23,1
DA:27,5
DA:28,2
DA:30,2
DA:31,1
DA:32,1
DA:33,1
DA:36,1
DA:37,1
DA:38,1
DA:42,5
DA:43,1
DA:44,1
DA:46,1
DA:47,1
DA:51,5
DA:52,5
DA:54,5
DA:55,1
DA:58,5
DA:59,1
DA:62,5
DA:63,1
DA:66,5
DA:67,1
DA:70,5
DA:71,1
DA:72,1
DA:73,0
DA:74,0
LF:45
LH:43
BRDA:5,0,0,0
BRDA:6,1,0,0
BRDA:15,2,0,0
BRDA:15,2,1,5
BRDA:15,3,0,5
BRDA:15,3,1,5
BRDA:16,4,0,0
BRDA:16,5,0,1
BRDA:16,5,1,1
BRDA:16,5,2,1
BRDA:16,5,3,1
BRDA:27,6,0,0
BRDA:27,6,1,5
BRDA:27,7,0,5
BRDA:27,7,1,5
BRDA:30,8,0,1
BRDA:31,9,0,0
BRDA:31,9,1,1
BRDA:31,10,0,1
BRDA:31,10,1,1
BRDA:32,11,0,1
BRDA:36,12,0,1
BRDA:38,13,0,1
BRDA:42,14,0,0
BRDA:42,14,1,5
BRDA:42,15,0,5
BRDA:42,15,1,5
BRDA:46,16,0,1
BRDA:51,17,0,0
BRDA:51,17,1,5
BRDA:51,18,0,5
BRDA:51,18,1,5
BRDA:54,19,0,1
BRDA:58,20,0,1
BRDA:62,21,0,1
BRDA:66,22,0,1
BRDA:70,23,0,1
BRDA:70,24,0,0
BRDA:70,24,1,5
BRDA:70,25,0,5
BRDA:70,25,1,5
BRDA:71,26,0,1
BRDA:71,26,1,0
BRDA:73,27,0,0
BRF:44
BRH:33
end_of_record
