TN:
SF:src\advanceSettings.ts
FN:9,(anonymous_9)
FN:103,(anonymous_10)
FN:117,(anonymous_11)
FN:122,(anonymous_12)
FN:135,(anonymous_13)
FN:140,(anonymous_14)
FN:155,(anonymous_15)
FN:170,(anonymous_16)
FN:176,(anonymous_17)
FN:180,(anonymous_18)
FN:185,(anonymous_19)
FN:190,(anonymous_20)
FN:194,(anonymous_21)
FN:203,(anonymous_22)
FN:210,(anonymous_23)
FN:211,(anonymous_25)
FN:212,(anonymous_26)
FN:229,(anonymous_27)
FN:13,_AdvanceSettings_markup
FN:77,_AdvanceSettings_analyticsUsage
FNF:20
FNH:8
FNDA:5,(anonymous_9)
FNDA:1,(anonymous_10)
FNDA:1,(anonymous_11)
FNDA:0,(anonymous_12)
FNDA:0,(anonymous_13)
FNDA:0,(anonymous_14)
FNDA:0,(anonymous_15)
FNDA:1,(anonymous_16)
FNDA:0,(anonymous_17)
FNDA:0,(anonymous_18)
FNDA:2,(anonymous_19)
FNDA:0,(anonymous_20)
FNDA:1,(anonymous_21)
FNDA:0,(anonymous_22)
FNDA:0,(anonymous_23)
FNDA:0,(anonymous_25)
FNDA:0,(anonymous_26)
FNDA:0,(anonymous_27)
FNDA:1,_AdvanceSettings_markup
FNDA:1,_AdvanceSettings_analyticsUsage
DA:4,1
DA:10,5
DA:13,1
DA:14,1
DA:15,1
DA:80,1
DA:81,1
DA:83,1
DA:104,1
DA:105,1
DA:106,1
DA:107,1
DA:108,1
DA:111,1
DA:114,1
DA:118,1
DA:119,1
DA:123,0
DA:124,0
DA:126,0
DA:127,0
DA:130,0
DA:131,0
DA:136,0
DA:137,0
DA:141,0
DA:142,0
DA:144,0
DA:145,0
DA:146,0
DA:148,0
DA:149,0
DA:151,0
DA:152,0
DA:156,0
DA:157,0
DA:159,0
DA:160,0
DA:161,0
DA:163,0
DA:164,0
DA:166,0
DA:167,0
DA:171,1
DA:172,1
DA:173,1
DA:177,0
DA:181,0
DA:182,0
DA:186,2
DA:187,2
DA:191,0
DA:195,1
DA:196,1
DA:197,1
DA:198,1
DA:199,1
DA:200,1
DA:204,0
DA:205,0
DA:206,0
DA:207,0
DA:211,0
DA:212,0
DA:213,0
DA:215,0
DA:220,0
DA:221,0
DA:225,0
DA:230,0
DA:231,0
DA:235,1
LF:72
LH:29
BRDA:107,0,0,0
BRDA:119,1,0,1
BRDA:126,2,0,0
BRDA:130,3,0,0
BRDA:137,4,0,0
BRDA:142,5,0,0
BRDA:142,6,0,0
BRDA:142,6,1,0
BRDA:149,7,0,0
BRDA:157,8,0,0
BRDA:157,9,0,0
BRDA:157,9,1,0
BRDA:164,10,0,0
BRDA:171,11,0,0
BRDA:187,12,0,2
BRDA:187,12,1,0
BRDA:215,13,0,0
BRDA:216,14,0,0
BRDA:216,14,1,0
BRDA:216,14,2,0
BRDA:81,15,0,0
BRF:21
BRH:2
end_of_record
TN:
SF:src\basicSettings.ts
FN:6,(anonymous_1)
FN:10,(anonymous_2)
FN:21,(anonymous_3)
FN:26,(anonymous_4)
FN:27,(anonymous_5)
FN:32,(anonymous_6)
FN:37,(anonymous_7)
FN:42,(anonymous_8)
FN:56,(anonymous_9)
FN:77,(anonymous_10)
FN:98,(anonymous_11)
FNF:11
FNH:1
FNDA:5,(anonymous_1)
FNDA:0,(anonymous_2)
FNDA:0,(anonymous_3)
FNDA:0,(anonymous_4)
FNDA:0,(anonymous_5)
FNDA:0,(anonymous_6)
FNDA:0,(anonymous_7)
FNDA:0,(anonymous_8)
FNDA:0,(anonymous_9)
FNDA:0,(anonymous_10)
FNDA:0,(anonymous_11)
DA:3,1
DA:7,5
DA:11,0
DA:22,0
DA:23,0
DA:27,0
DA:28,0
DA:33,0
DA:34,0
DA:38,0
DA:39,0
DA:48,0
DA:49,0
DA:51,0
DA:52,0
DA:53,0
DA:57,0
DA:58,0
DA:60,0
DA:62,0
DA:64,0
DA:65,0
DA:66,0
DA:67,0
DA:68,0
DA:69,0
DA:71,0
DA:72,0
DA:73,0
DA:78,0
DA:80,0
DA:82,0
DA:84,0
DA:86,0
DA:88,0
DA:89,0
DA:91,0
DA:94,0
DA:99,0
DA:101,0
DA:103,0
DA:104,0
DA:105,0
DA:106,0
DA:108,0
DA:109,0
DA:114,1
LF:47
LH:3
BRDA:60,0,0,0
BRDA:60,1,0,0
BRDA:60,1,1,0
BRDA:64,2,0,0
BRDA:64,2,1,0
BRDA:80,3,0,0
BRDA:80,4,0,0
BRDA:80,4,1,0
BRDA:86,5,0,0
BRDA:88,6,0,0
BRDA:88,6,1,0
BRDA:101,7,0,0
BRDA:103,8,0,0
BRDA:103,8,1,0
BRF:14
BRH:0
end_of_record
TN:
SF:src\general.ts
FN:34,(anonymous_0)
FN:39,(anonymous_1)
FN:43,(anonymous_2)
FN:47,(anonymous_3)
FN:53,(anonymous_4)
FN:59,(anonymous_5)
FN:63,(anonymous_6)
FN:71,(anonymous_7)
FN:76,(anonymous_8)
FN:77,(anonymous_9)
FN:82,(anonymous_10)
FN:86,(anonymous_11)
FN:91,(anonymous_12)
FN:95,(anonymous_13)
FN:99,(anonymous_14)
FN:103,(anonymous_15)
FN:107,(anonymous_16)
FN:111,(anonymous_17)
FN:115,(anonymous_18)
FN:138,(anonymous_19)
FNF:20
FNH:14
FNDA:15,(anonymous_0)
FNDA:2,(anonymous_1)
FNDA:1,(anonymous_2)
FNDA:2,(anonymous_3)
FNDA:0,(anonymous_4)
FNDA:2,(anonymous_5)
FNDA:0,(anonymous_6)
FNDA:0,(anonymous_7)
FNDA:0,(anonymous_8)
FNDA:0,(anonymous_9)
FNDA:3,(anonymous_10)
FNDA:4,(anonymous_11)
FNDA:1,(anonymous_12)
FNDA:0,(anonymous_13)
FNDA:1,(anonymous_14)
FNDA:2,(anonymous_15)
FNDA:2,(anonymous_16)
FNDA:1,(anonymous_17)
FNDA:1,(anonymous_18)
FNDA:1,(anonymous_19)
DA:2,15
DA:24,15
DA:35,15
DA:36,15
DA:40,2
DA:44,1
DA:48,2
DA:49,2
DA:50,2
DA:54,0
DA:55,0
DA:56,0
DA:60,2
DA:64,0
DA:72,0
DA:73,0
DA:77,0
DA:78,0
DA:83,3
DA:87,4
DA:88,4
DA:92,1
DA:100,1
DA:104,2
DA:108,2
DA:112,1
DA:118,1
DA:119,1
DA:120,0
DA:121,0
DA:122,0
DA:123,0
DA:124,0
DA:126,0
DA:129,1
DA:131,1
DA:133,1
DA:135,1
DA:139,1
DA:140,1
DA:141,1
DA:145,2
LF:42
LH:28
BRDA:47,0,0,2
BRDA:47,1,0,2
BRDA:49,2,0,2
BRDA:49,2,1,0
BRDA:49,3,0,0
BRDA:49,3,1,2
BRDA:49,4,0,2
BRDA:49,4,1,2
BRDA:49,5,0,0
BRDA:49,5,1,2
BRDA:49,6,0,2
BRDA:49,6,1,2
BRDA:88,7,0,4
BRDA:88,7,1,0
BRDA:118,8,0,1
BRDA:118,8,1,0
BRDA:120,9,0,0
BRDA:120,9,1,0
BRDA:123,10,0,0
BRDA:123,10,1,0
BRDA:129,11,0,0
BRDA:133,12,0,0
BRF:22
BRH:11
end_of_record
TN:
SF:src\main.ts
FN:25,(anonymous_0)
FN:31,(anonymous_1)
FN:38,(anonymous_2)
FN:60,(anonymous_3)
FN:70,(anonymous_4)
FNF:5
FNH:0
FNDA:0,(anonymous_0)
FNDA:0,(anonymous_1)
FNDA:0,(anonymous_2)
FNDA:0,(anonymous_3)
FNDA:0,(anonymous_4)
DA:4,0
DA:5,0
DA:6,0
DA:7,0
DA:8,0
DA:9,0
DA:15,0
DA:16,0
DA:20,0
DA:25,0
DA:26,0
DA:28,0
DA:29,0
DA:31,0
DA:32,0
DA:33,0
DA:38,0
DA:39,0
DA:42,0
DA:43,0
DA:44,0
DA:45,0
DA:47,0
DA:51,0
DA:52,0
DA:53,0
DA:54,0
DA:60,0
DA:61,0
DA:62,0
DA:64,0
DA:65,0
DA:70,0
DA:71,0
DA:73,0
DA:74,0
DA:78,0
DA:79,0
DA:83,0
DA:84,0
DA:88,0
DA:89,0
DA:93,0
DA:94,0
DA:95,0
DA:96,0
DA:97,0
LF:47
LH:0
BRDA:25,0,0,0
BRDA:25,0,1,0
BRDA:25,1,0,0
BRDA:25,1,1,0
BRDA:26,2,0,0
BRDA:26,3,0,0
BRDA:26,3,1,0
BRDA:26,3,2,0
BRDA:26,3,3,0
BRDA:38,4,0,0
BRDA:38,4,1,0
BRDA:38,5,0,0
BRDA:38,5,1,0
BRDA:42,6,0,0
BRDA:43,7,0,0
BRDA:43,7,1,0
BRDA:43,8,0,0
BRDA:43,8,1,0
BRDA:44,9,0,0
BRDA:51,10,0,0
BRDA:53,11,0,0
BRDA:60,12,0,0
BRDA:60,12,1,0
BRDA:60,13,0,0
BRDA:60,13,1,0
BRDA:64,14,0,0
BRDA:70,15,0,0
BRDA:70,15,1,0
BRDA:70,16,0,0
BRDA:70,16,1,0
BRDA:73,17,0,0
BRDA:78,18,0,0
BRDA:83,19,0,0
BRDA:88,20,0,0
BRDA:93,21,0,0
BRDA:93,22,0,0
BRDA:93,22,1,0
BRDA:93,23,0,0
BRDA:93,23,1,0
BRDA:94,24,0,0
BRDA:94,24,1,0
BRDA:96,25,0,0
BRF:42
BRH:0
end_of_record
